<?xml version="1.0" encoding="UTF-8"?>
<!-- Generated by org.testng.reporters.JUnitReportReporter -->
<testsuite hostname="MacBook-Pro-de-Juan.local" name="testLibrary.STRMember" tests="2" failures="0" timestamp="2 Jun 2016 04:58:56 GMT" time="17.932" errors="0">
  <testcase name="readOrderSummary" time="2.564" classname="testLibrary.STRMember"/>
  <testcase name="login" time="15.368" classname="testLibrary.STRMember"/>
</testsuite> <!-- testLibrary.STRMember -->
